{"level":"info","message":"Listening on port 3900...","timestamp":"2020-09-27T14:55:42.030Z"}
{"level":"info","message":"Connected to mongodb+srv://kaambul:kaambul123@cluster0.lodd8.mongodb.net/product?retryWrites=true&w=majority...","timestamp":"2020-09-27T14:55:45.364Z"}
{"level":"info","message":"Listening on port 3900...","timestamp":"2020-09-27T15:39:03.447Z"}
{"level":"info","message":"Connected to mongodb+srv://kaambul:kaambul123@cluster0.lodd8.mongodb.net/product?retryWrites=true&w=majority...","timestamp":"2020-09-27T15:39:07.371Z"}
{"message":"Cannot set headers after they are sent to the client","stack":"Error [ERR_HTTP_HEADERS_SENT]: Cannot set headers after they are sent to the client\n    at ServerResponse.setHeader (_http_outgoing.js:543:11)\n    at ServerResponse.header (/home/abokorhassan/Pictures/product-app-project/server/node_modules/express/lib/response.js:771:10)\n    at ServerResponse.send (/home/abokorhassan/Pictures/product-app-project/server/node_modules/express/lib/response.js:170:12)\n    at /home/abokorhassan/Pictures/product-app-project/server/routes/product.js:99:9\n    at processTicksAndRejections (internal/process/task_queues.js:93:5)","code":"ERR_HTTP_HEADERS_SENT","level":"error","timestamp":"2020-09-27T15:39:16.740Z"}
{"level":"info","message":"Listening on port 3900...","timestamp":"2020-09-27T15:41:44.366Z"}
{"level":"info","message":"Connected to mongodb+srv://kaambul:kaambul123@cluster0.lodd8.mongodb.net/product?retryWrites=true&w=majority...","timestamp":"2020-09-27T15:41:51.241Z"}
{"level":"info","message":"Listening on port 3900...","timestamp":"2020-09-27T22:21:00.321Z"}
{"level":"info","message":"Connected to mongodb+srv://kaambul:kaambul123@cluster0.lodd8.mongodb.net/product?retryWrites=true&w=majority...","timestamp":"2020-09-27T22:21:02.767Z"}
{"level":"info","message":"Listening on port 3900...","timestamp":"2020-09-27T22:40:15.017Z"}
{"level":"info","message":"Connected to mongodb+srv://kaambul:kaambul123@cluster0.lodd8.mongodb.net/product?retryWrites=true&w=majority...","timestamp":"2020-09-27T22:40:17.474Z"}
{"level":"info","message":"Listening on port 3900...","timestamp":"2020-09-27T22:42:36.468Z"}
{"level":"info","message":"Connected to mongodb+srv://kaambul:kaambul123@cluster0.lodd8.mongodb.net/product?retryWrites=true&w=majority...","timestamp":"2020-09-27T22:42:38.699Z"}
{"message":"Joi is not defined","stack":"ReferenceError: Joi is not defined\n    at validate (/home/abokorhassan/Pictures/product-app/server/routes/auth/inviteUser.js:67:16)\n    at /home/abokorhassan/Pictures/product-app/server/routes/auth/inviteUser.js:17:9\n    at newFn (/home/abokorhassan/Pictures/product-app/server/node_modules/express-async-errors/index.js:16:20)\n    at Layer.handle [as handle_request] (/home/abokorhassan/Pictures/product-app/server/node_modules/express/lib/router/layer.js:95:5)\n    at next (/home/abokorhassan/Pictures/product-app/server/node_modules/express/lib/router/route.js:137:13)\n    at Route.dispatch (/home/abokorhassan/Pictures/product-app/server/node_modules/express/lib/router/route.js:112:3)\n    at newFn (/home/abokorhassan/Pictures/product-app/server/node_modules/express-async-errors/index.js:16:20)\n    at Layer.handle [as handle_request] (/home/abokorhassan/Pictures/product-app/server/node_modules/express/lib/router/layer.js:95:5)\n    at /home/abokorhassan/Pictures/product-app/server/node_modules/express/lib/router/index.js:281:22\n    at Function.process_params (/home/abokorhassan/Pictures/product-app/server/node_modules/express/lib/router/index.js:335:12)\n    at next (/home/abokorhassan/Pictures/product-app/server/node_modules/express/lib/router/index.js:275:10)\n    at Function.handle (/home/abokorhassan/Pictures/product-app/server/node_modules/express/lib/router/index.js:174:3)\n    at router (/home/abokorhassan/Pictures/product-app/server/node_modules/express/lib/router/index.js:47:12)\n    at newFn (/home/abokorhassan/Pictures/product-app/server/node_modules/express-async-errors/index.js:16:20)\n    at Layer.handle [as handle_request] (/home/abokorhassan/Pictures/product-app/server/node_modules/express/lib/router/layer.js:95:5)\n    at trim_prefix (/home/abokorhassan/Pictures/product-app/server/node_modules/express/lib/router/index.js:317:13)","level":"error","timestamp":"2020-09-27T22:42:44.807Z"}
{"level":"info","message":"Listening on port 3900...","timestamp":"2020-09-27T22:43:23.562Z"}
{"level":"info","message":"Connected to mongodb+srv://kaambul:kaambul123@cluster0.lodd8.mongodb.net/product?retryWrites=true&w=majority...","timestamp":"2020-09-27T22:43:24.974Z"}
{"level":"info","message":"Listening on port 3900...","timestamp":"2020-09-27T22:45:19.550Z"}
{"level":"info","message":"Connected to mongodb+srv://kaambul:kaambul123@cluster0.lodd8.mongodb.net/product?retryWrites=true&w=majority...","timestamp":"2020-09-27T22:45:21.564Z"}
{"level":"info","message":"Listening on port 3900...","timestamp":"2020-09-27T23:32:03.790Z"}
{"level":"info","message":"Connected to mongodb+srv://kaambul:kaambul123@cluster0.lodd8.mongodb.net/product?retryWrites=true&w=majority...","timestamp":"2020-09-27T23:32:06.490Z"}
{"level":"info","message":"Listening on port 3900...","timestamp":"2020-09-27T23:45:34.826Z"}
{"level":"info","message":"Connected to mongodb+srv://kaambul:kaambul123@cluster0.lodd8.mongodb.net/product?retryWrites=true&w=majority...","timestamp":"2020-09-27T23:45:37.261Z"}
{"level":"info","message":"Listening on port 3900...","timestamp":"2020-09-27T23:48:28.392Z"}
{"level":"info","message":"Connected to mongodb+srv://kaambul:kaambul123@cluster0.lodd8.mongodb.net/product?retryWrites=true&w=majority...","timestamp":"2020-09-27T23:48:30.310Z"}
{"level":"info","message":"Listening on port 3900...","timestamp":"2020-09-27T23:52:44.417Z"}
{"level":"info","message":"Connected to mongodb+srv://kaambul:kaambul123@cluster0.lodd8.mongodb.net/product?retryWrites=true&w=majority...","timestamp":"2020-09-27T23:52:46.281Z"}
{"level":"info","message":"Listening on port 3900...","timestamp":"2020-09-27T23:55:10.288Z"}
{"level":"info","message":"Connected to mongodb+srv://kaambul:kaambul123@cluster0.lodd8.mongodb.net/product?retryWrites=true&w=majority...","timestamp":"2020-09-27T23:55:16.949Z"}
{"level":"info","message":"Listening on port 3900...","timestamp":"2020-09-27T23:56:14.970Z"}
{"level":"info","message":"Connected to mongodb+srv://kaambul:kaambul123@cluster0.lodd8.mongodb.net/product?retryWrites=true&w=majority...","timestamp":"2020-09-27T23:56:16.757Z"}
{"level":"info","message":"Listening on port 3900...","timestamp":"2020-09-27T23:56:43.222Z"}
{"level":"info","message":"Connected to mongodb+srv://kaambul:kaambul123@cluster0.lodd8.mongodb.net/product?retryWrites=true&w=majority...","timestamp":"2020-09-27T23:56:44.448Z"}
{"message":"findById is not defined","stack":"ReferenceError: findById is not defined\n    at /home/abokorhassan/Pictures/product-app/server/routes/auth/register.js:29:25\n    at processTicksAndRejections (internal/process/task_queues.js:93:5)","level":"error","timestamp":"2020-09-27T23:57:21.201Z"}
{"level":"info","message":"Listening on port 3900...","timestamp":"2020-09-27T23:58:09.187Z"}
{"level":"info","message":"Connected to mongodb+srv://kaambul:kaambul123@cluster0.lodd8.mongodb.net/product?retryWrites=true&w=majority...","timestamp":"2020-09-27T23:58:11.211Z"}
{"level":"info","message":"Listening on port 3900...","timestamp":"2020-09-28T00:00:08.161Z"}
{"level":"info","message":"Connected to mongodb+srv://kaambul:kaambul123@cluster0.lodd8.mongodb.net/product?retryWrites=true&w=majority...","timestamp":"2020-09-28T00:00:09.945Z"}
{"level":"info","message":"Listening on port 3900...","timestamp":"2020-09-28T00:03:11.730Z"}
{"level":"info","message":"Connected to mongodb+srv://kaambul:kaambul123@cluster0.lodd8.mongodb.net/product?retryWrites=true&w=majority...","timestamp":"2020-09-28T00:03:13.573Z"}
{"level":"info","message":"Listening on port 3900...","timestamp":"2020-09-28T00:04:32.654Z"}
{"level":"info","message":"Connected to mongodb+srv://kaambul:kaambul123@cluster0.lodd8.mongodb.net/product?retryWrites=true&w=majority...","timestamp":"2020-09-28T00:04:34.542Z"}
{"level":"info","message":"Listening on port 3900...","timestamp":"2020-09-28T00:11:19.136Z"}
{"level":"info","message":"Connected to mongodb+srv://kaambul:kaambul123@cluster0.lodd8.mongodb.net/product?retryWrites=true&w=majority...","timestamp":"2020-09-28T00:11:21.161Z"}
{"level":"info","message":"Listening on port 3900...","timestamp":"2020-09-28T00:20:56.223Z"}
{"level":"info","message":"Connected to mongodb+srv://kaambul:kaambul123@cluster0.lodd8.mongodb.net/product?retryWrites=true&w=majority...","timestamp":"2020-09-28T00:20:58.443Z"}
{"level":"info","message":"Listening on port 3900...","timestamp":"2020-09-28T00:21:06.581Z"}
{"level":"info","message":"Connected to mongodb+srv://kaambul:kaambul123@cluster0.lodd8.mongodb.net/product?retryWrites=true&w=majority...","timestamp":"2020-09-28T00:21:07.725Z"}
{"message":"email is not defined","stack":"ReferenceError: email is not defined\n    at /home/abokorhassan/Pictures/product-app/server/routes/auth/inviteUser.js:27:22\n    at processTicksAndRejections (internal/process/task_queues.js:93:5)","level":"error","timestamp":"2020-09-28T00:22:21.638Z"}
{"level":"info","message":"Listening on port 3900...","timestamp":"2020-09-28T00:23:25.026Z"}
{"level":"info","message":"Connected to mongodb+srv://kaambul:kaambul123@cluster0.lodd8.mongodb.net/product?retryWrites=true&w=majority...","timestamp":"2020-09-28T00:23:26.849Z"}
{"message":"password is not defined","stack":"ReferenceError: password is not defined\n    at MailConfig (/home/abokorhassan/Pictures/product-app/server/routes/auth/inviteUser.js:49:78)\n    at /home/abokorhassan/Pictures/product-app/server/routes/auth/inviteUser.js:27:5\n    at processTicksAndRejections (internal/process/task_queues.js:93:5)","level":"error","timestamp":"2020-09-28T00:23:36.883Z"}
{"message":"password is not defined","stack":"ReferenceError: password is not defined\n    at MailConfig (/home/abokorhassan/Pictures/product-app/server/routes/auth/inviteUser.js:49:78)\n    at /home/abokorhassan/Pictures/product-app/server/routes/auth/inviteUser.js:27:5\n    at processTicksAndRejections (internal/process/task_queues.js:93:5)","level":"error","timestamp":"2020-09-28T00:24:00.480Z"}
{"level":"info","message":"Listening on port 3900...","timestamp":"2020-09-28T00:24:28.773Z"}
{"level":"info","message":"Connected to mongodb+srv://kaambul:kaambul123@cluster0.lodd8.mongodb.net/product?retryWrites=true&w=majority...","timestamp":"2020-09-28T00:24:30.512Z"}
{"level":"info","message":"Listening on port 3900...","timestamp":"2020-09-28T00:24:41.901Z"}
{"level":"info","message":"Connected to mongodb+srv://kaambul:kaambul123@cluster0.lodd8.mongodb.net/product?retryWrites=true&w=majority...","timestamp":"2020-09-28T00:24:43.095Z"}
{"level":"info","message":"Listening on port 3900...","timestamp":"2020-09-28T00:27:32.065Z"}
{"level":"info","message":"Connected to mongodb+srv://kaambul:kaambul123@cluster0.lodd8.mongodb.net/product?retryWrites=true&w=majority...","timestamp":"2020-09-28T00:27:34.464Z"}
{"level":"info","message":"Listening on port 3900...","timestamp":"2020-09-28T00:29:43.089Z"}
{"level":"info","message":"Connected to mongodb+srv://kaambul:kaambul123@cluster0.lodd8.mongodb.net/product?retryWrites=true&w=majority...","timestamp":"2020-09-28T00:29:44.860Z"}
{"level":"info","message":"Listening on port 3900...","timestamp":"2020-09-28T00:31:06.668Z"}
{"level":"info","message":"Connected to mongodb+srv://kaambul:kaambul123@cluster0.lodd8.mongodb.net/product?retryWrites=true&w=majority...","timestamp":"2020-09-28T00:31:08.395Z"}
{"level":"info","message":"Listening on port 3900...","timestamp":"2020-09-28T00:32:01.897Z"}
{"level":"info","message":"Connected to mongodb+srv://kaambul:kaambul123@cluster0.lodd8.mongodb.net/product?retryWrites=true&w=majority...","timestamp":"2020-09-28T00:32:03.203Z"}
{"level":"info","message":"Listening on port 3900...","timestamp":"2020-09-28T00:32:06.824Z"}
{"level":"info","message":"Connected to mongodb+srv://kaambul:kaambul123@cluster0.lodd8.mongodb.net/product?retryWrites=true&w=majority...","timestamp":"2020-09-28T00:32:09.444Z"}
{"level":"info","message":"Listening on port 3900...","timestamp":"2020-09-28T00:32:55.985Z"}
{"level":"info","message":"Connected to mongodb+srv://kaambul:kaambul123@cluster0.lodd8.mongodb.net/product?retryWrites=true&w=majority...","timestamp":"2020-09-28T00:32:57.156Z"}
{"level":"info","message":"Listening on port 3900...","timestamp":"2020-09-28T00:35:24.192Z"}
{"level":"info","message":"Connected to mongodb+srv://kaambul:kaambul123@cluster0.lodd8.mongodb.net/product?retryWrites=true&w=majority...","timestamp":"2020-09-28T00:35:25.828Z"}
{"message":"inviter is not defined","stack":"ReferenceError: inviter is not defined\n    at /home/abokorhassan/Pictures/product-app/server/routes/auth/inviteUser.js:22:5\n    at processTicksAndRejections (internal/process/task_queues.js:93:5)","level":"error","timestamp":"2020-09-28T00:36:18.367Z"}
{"level":"info","message":"Listening on port 3900...","timestamp":"2020-09-28T00:36:43.345Z"}
{"level":"info","message":"Connected to mongodb+srv://kaambul:kaambul123@cluster0.lodd8.mongodb.net/product?retryWrites=true&w=majority...","timestamp":"2020-09-28T00:36:45.166Z"}
{"level":"info","message":"Listening on port 3900...","timestamp":"2020-09-28T00:37:44.944Z"}
{"level":"info","message":"Connected to mongodb+srv://kaambul:kaambul123@cluster0.lodd8.mongodb.net/product?retryWrites=true&w=majority...","timestamp":"2020-09-28T00:37:46.761Z"}
{"level":"info","message":"Listening on port 3900...","timestamp":"2020-09-28T00:38:18.374Z"}
{"level":"info","message":"Connected to mongodb+srv://kaambul:kaambul123@cluster0.lodd8.mongodb.net/product?retryWrites=true&w=majority...","timestamp":"2020-09-28T00:38:19.557Z"}
{"level":"info","message":"Listening on port 3900...","timestamp":"2020-09-28T00:38:26.013Z"}
{"level":"info","message":"Connected to mongodb+srv://kaambul:kaambul123@cluster0.lodd8.mongodb.net/product?retryWrites=true&w=majority...","timestamp":"2020-09-28T00:38:27.297Z"}
{"level":"info","message":"Listening on port 3900...","timestamp":"2020-09-28T00:42:10.929Z"}
{"level":"info","message":"Connected to mongodb+srv://kaambul:kaambul123@cluster0.lodd8.mongodb.net/product?retryWrites=true&w=majority...","timestamp":"2020-09-28T00:42:12.430Z"}
{"level":"info","message":"Listening on port 3900...","timestamp":"2020-09-28T00:43:01.844Z"}
{"level":"info","message":"Connected to mongodb+srv://kaambul:kaambul123@cluster0.lodd8.mongodb.net/product?retryWrites=true&w=majority...","timestamp":"2020-09-28T00:43:03.061Z"}
{"level":"info","message":"Listening on port 3900...","timestamp":"2020-09-28T00:43:13.092Z"}
{"level":"info","message":"Connected to mongodb+srv://kaambul:kaambul123@cluster0.lodd8.mongodb.net/product?retryWrites=true&w=majority...","timestamp":"2020-09-28T00:43:15.369Z"}
{"level":"info","message":"Listening on port 3900...","timestamp":"2020-09-28T00:44:01.861Z"}
{"level":"info","message":"Connected to mongodb+srv://kaambul:kaambul123@cluster0.lodd8.mongodb.net/product?retryWrites=true&w=majority...","timestamp":"2020-09-28T00:44:03.073Z"}
{"level":"info","message":"Listening on port 3900...","timestamp":"2020-09-28T00:45:04.916Z"}
{"level":"info","message":"Connected to mongodb+srv://kaambul:kaambul123@cluster0.lodd8.mongodb.net/product?retryWrites=true&w=majority...","timestamp":"2020-09-28T00:45:06.695Z"}
{"level":"info","message":"Listening on port 3900...","timestamp":"2020-09-28T00:50:17.346Z"}
{"level":"info","message":"Connected to mongodb+srv://kaambul:kaambul123@cluster0.lodd8.mongodb.net/product?retryWrites=true&w=majority...","timestamp":"2020-09-28T00:50:19.153Z"}
{"level":"info","message":"Listening on port 3900...","timestamp":"2020-09-28T00:50:37.361Z"}
{"level":"info","message":"Connected to mongodb+srv://kaambul:kaambul123@cluster0.lodd8.mongodb.net/product?retryWrites=true&w=majority...","timestamp":"2020-09-28T00:50:38.521Z"}
{"level":"info","message":"Listening on port 3900...","timestamp":"2020-09-28T00:51:53.123Z"}
{"level":"info","message":"Connected to mongodb+srv://kaambul:kaambul123@cluster0.lodd8.mongodb.net/product?retryWrites=true&w=majority...","timestamp":"2020-09-28T00:51:54.962Z"}
{"level":"info","message":"Listening on port 3900...","timestamp":"2020-09-28T00:55:11.141Z"}
{"level":"info","message":"Connected to mongodb+srv://kaambul:kaambul123@cluster0.lodd8.mongodb.net/product?retryWrites=true&w=majority...","timestamp":"2020-09-28T00:55:12.890Z"}
{"level":"info","message":"Listening on port 3900...","timestamp":"2020-09-28T00:56:47.326Z"}
{"level":"info","message":"Connected to mongodb+srv://kaambul:kaambul123@cluster0.lodd8.mongodb.net/product?retryWrites=true&w=majority...","timestamp":"2020-09-28T00:56:49.209Z"}
{"level":"info","message":"Listening on port 3900...","timestamp":"2020-09-28T00:57:23.624Z"}
{"level":"info","message":"Connected to mongodb+srv://kaambul:kaambul123@cluster0.lodd8.mongodb.net/product?retryWrites=true&w=majority...","timestamp":"2020-09-28T00:57:24.847Z"}
{"level":"info","message":"Listening on port 3900...","timestamp":"2020-09-28T00:57:55.213Z"}
{"level":"info","message":"Connected to mongodb+srv://kaambul:kaambul123@cluster0.lodd8.mongodb.net/product?retryWrites=true&w=majority...","timestamp":"2020-09-28T00:57:57.021Z"}
{"level":"info","message":"Listening on port 3900...","timestamp":"2020-09-28T00:59:33.025Z"}
{"level":"info","message":"Connected to mongodb+srv://kaambul:kaambul123@cluster0.lodd8.mongodb.net/product?retryWrites=true&w=majority...","timestamp":"2020-09-28T00:59:35.350Z"}
{"level":"info","message":"Listening on port 3900...","timestamp":"2020-09-28T01:01:19.224Z"}
{"level":"info","message":"Connected to mongodb+srv://kaambul:kaambul123@cluster0.lodd8.mongodb.net/product?retryWrites=true&w=majority...","timestamp":"2020-09-28T01:01:21.282Z"}
{"level":"info","message":"Listening on port 3900...","timestamp":"2020-09-28T07:12:29.748Z"}
{"level":"info","message":"Connected to mongodb+srv://kaambul:kaambul123@cluster0.lodd8.mongodb.net/product?retryWrites=true&w=majority...","timestamp":"2020-09-28T07:12:32.267Z"}
{"level":"info","message":"Listening on port 3900...","timestamp":"2020-09-28T07:12:59.179Z"}
{"level":"info","message":"Connected to mongodb+srv://kaambul:kaambul123@cluster0.lodd8.mongodb.net/product?retryWrites=true&w=majority...","timestamp":"2020-09-28T07:13:00.375Z"}
{"message":"Cannot set headers after they are sent to the client","stack":"Error [ERR_HTTP_HEADERS_SENT]: Cannot set headers after they are sent to the client\n    at ServerResponse.setHeader (_http_outgoing.js:543:11)\n    at ServerResponse.header (/home/abokorhassan/Pictures/product-app/server/node_modules/express/lib/response.js:771:10)\n    at ServerResponse.send (/home/abokorhassan/Pictures/product-app/server/node_modules/express/lib/response.js:170:12)\n    at /home/abokorhassan/Pictures/product-app/server/routes/product.js:98:9\n    at processTicksAndRejections (internal/process/task_queues.js:93:5)","code":"ERR_HTTP_HEADERS_SENT","level":"error","timestamp":"2020-09-28T07:24:13.875Z"}
{"message":"Cannot set headers after they are sent to the client","stack":"Error [ERR_HTTP_HEADERS_SENT]: Cannot set headers after they are sent to the client\n    at ServerResponse.setHeader (_http_outgoing.js:543:11)\n    at ServerResponse.header (/home/abokorhassan/Pictures/product-app/server/node_modules/express/lib/response.js:771:10)\n    at ServerResponse.send (/home/abokorhassan/Pictures/product-app/server/node_modules/express/lib/response.js:170:12)\n    at /home/abokorhassan/Pictures/product-app/server/routes/product.js:98:9\n    at processTicksAndRejections (internal/process/task_queues.js:93:5)","code":"ERR_HTTP_HEADERS_SENT","level":"error","timestamp":"2020-09-28T07:24:51.994Z"}
{"level":"info","message":"Listening on port 3900...","timestamp":"2020-09-28T07:32:26.627Z"}
{"level":"info","message":"Connected to mongodb+srv://kaambul:kaambul123@cluster0.lodd8.mongodb.net/product?retryWrites=true&w=majority...","timestamp":"2020-09-28T07:32:28.996Z"}
{"level":"info","message":"Listening on port 3900...","timestamp":"2020-09-28T07:51:54.272Z"}
{"level":"info","message":"Connected to mongodb+srv://kaambul:kaambul123@cluster0.lodd8.mongodb.net/product?retryWrites=true&w=majority...","timestamp":"2020-09-28T07:51:56.626Z"}
